----------

Fri Mar 21 2025 19:30:57 GMT-0700 (Pacific Daylight Time)

fatal: not a git repository (or any of the parent directories): .git


----------

Fri Mar 21 2025 19:30:57 GMT-0700 (Pacific Daylight Time)

fatal: not a git repository (or any of the parent directories): .git


----------

Fri Mar 21 2025 19:30:58 GMT-0700 (Pacific Daylight Time)

fatal: not a git repository (or any of the parent directories): .git


----------

Fri Mar 21 2025 19:38:41 GMT-0700 (Pacific Daylight Time)

warning: in the working copy of 'assets/bootstrap/css/bootstrap.min.css', LF will be replaced by CRLF the next time Git touches it


----------

Fri Mar 21 2025 19:38:41 GMT-0700 (Pacific Daylight Time)

warning: in the working copy of 'cv.html', LF will be replaced by CRLF the next time Git touches it


----------

Fri Mar 21 2025 19:38:41 GMT-0700 (Pacific Daylight Time)

error: src refspec main does not match any
error: failed to push some refs to 'github.com:GuilhermeCassiano1/GuilhermeCassiano1.github.io.git'


----------

Fri Mar 21 2025 19:40:38 GMT-0700 (Pacific Daylight Time)

warning: in the working copy of 'assets/bootstrap/css/bootstrap.min.css', LF will be replaced by CRLF the next time Git touches it


----------

Fri Mar 21 2025 19:40:38 GMT-0700 (Pacific Daylight Time)

warning: in the working copy of 'cv.html', LF will be replaced by CRLF the next time Git touches it


----------

Fri Mar 21 2025 19:40:38 GMT-0700 (Pacific Daylight Time)

git@github.com: Permission denied (publickey).
fatal: Could not read from remote repository.

Please make sure you have the correct access rights
and the repository exists.


----------

Fri Mar 21 2025 19:43:25 GMT-0700 (Pacific Daylight Time)

warning: in the working copy of 'assets/bootstrap/css/bootstrap.min.css', LF will be replaced by CRLF the next time Git touches it


----------

Fri Mar 21 2025 19:43:25 GMT-0700 (Pacific Daylight Time)

warning: in the working copy of 'cv.html', LF will be replaced by CRLF the next time Git touches it


----------

Fri Mar 21 2025 19:43:25 GMT-0700 (Pacific Daylight Time)

warning: in the working copy of 'error.log', LF will be replaced by CRLF the next time Git touches it


----------

Fri Mar 21 2025 19:43:26 GMT-0700 (Pacific Daylight Time)

git@github.com: Permission denied (publickey).
fatal: Could not read from remote repository.

Please make sure you have the correct access rights
and the repository exists.


